Active-HDL 10.3.3559.6081  2017-10-03 9:48:02

Elaboration top modules:
Architecture                  structural(adder4bit)


--------------------------------------------------------------------------------------------
Entity    | Architecture | Library | Info | Compiler Version          | Compilation Options
--------------------------------------------------------------------------------------------
adder4bit | structural   | fulladd |      | 10.3.3559.6081  (Windows) | -O3
fulladd   | simple       | fulladd |      | 10.3.3559.6081  (Windows) | -O3
--------------------------------------------------------------------------------------------

--------------------------------------------------------------------------------------------
VHDL Package             | Library | Info | Compiler Version          | Compilation Options
--------------------------------------------------------------------------------------------
standard                 | std     |      |                           | <unavailable>
TEXTIO                   | std     |      | 10.3.3559.6081  (Windows) |  -2008
std_logic_1164           | ieee    |      | 10.3.3559.6081  (Windows) |  -2008
--------------------------------------------------------------------------------------------

--------------------------------------------------------------------------------------------
Library                  | Comment
--------------------------------------------------------------------------------------------
fulladd                  | None
ieee                     | Standard IEEE packages library
std                      | Standard VHDL library
--------------------------------------------------------------------------------------------


Simulation Options: asim -O5 +access +r +m+adder4bit adder4bit structural


The performance of simulation is reduced. Version Student Edition
