Active-HDL 10.3.3559.6081  2017-10-12 19:37:49

Elaboration top modules:
Architecture                  sample(alu)


-------------------------------------------------------------------------------------------
Entity   | Architecture | Library | Info | Compiler Version          | Compilation Options
-------------------------------------------------------------------------------------------
alu      | sample       | alu     |      | 10.3.3559.6081  (Windows) | -O3
-------------------------------------------------------------------------------------------

-------------------------------------------------------------------------------------------
VHDL Package            | Library | Info | Compiler Version          | Compilation Options
-------------------------------------------------------------------------------------------
standard                | std     |      |                           | <unavailable>
TEXTIO                  | std     |      | 10.3.3559.6081  (Windows) |  -2008
std_logic_1164          | ieee    |      | 10.3.3559.6081  (Windows) |  -2008
std_logic_arith         | ieee    |      | 10.3.3559.6081  (Windows) | <unavailable>
STD_LOGIC_SIGNED        | ieee    |      | 10.3.3559.6081  (Windows) | <unavailable>
NUMERIC_STD             | ieee    |      | 10.3.3559.6081  (Windows) |  -2008
-------------------------------------------------------------------------------------------

-------------------------------------------------------------------------------------------
Library                 | Comment
-------------------------------------------------------------------------------------------
alu                     | None
ieee                    | Standard IEEE packages library
std                     | Standard VHDL library
-------------------------------------------------------------------------------------------
