Active-HDL 10.3.3559.6081  2017-10-05 10:27:53

Elaboration top modules:
Architecture                  behavial(eightbitaddr)


------------------------------------------------------------------------------------------------------
Entity       | Architecture | Library        | Info | Compiler Version          | Compilation Options
------------------------------------------------------------------------------------------------------
eightbitaddr | behavial     | expandfulladdr |      | 10.3.3559.6081  (Windows) | -O3
fulladd      | simple       | expandfulladdr |      | 10.3.3559.6081  (Windows) | -O3
------------------------------------------------------------------------------------------------------

------------------------------------------------------------------------------------------------------
VHDL Package                | Library        | Info | Compiler Version          | Compilation Options
------------------------------------------------------------------------------------------------------
standard                    | std            |      |                           | <unavailable>
TEXTIO                      | std            |      | 10.3.3559.6081  (Windows) |  -2008
std_logic_1164              | ieee           |      | 10.3.3559.6081  (Windows) |  -2008
std_logic_arith             | ieee           |      | 10.3.3559.6081  (Windows) | <unavailable>
STD_LOGIC_UNSIGNED          | ieee           |      | 10.3.3559.6081  (Windows) | <unavailable>
------------------------------------------------------------------------------------------------------

------------------------------------------------------------------------------------------------------
Library                     | Comment
------------------------------------------------------------------------------------------------------
expandfulladdr              | None
ieee                        | Standard IEEE packages library
std                         | Standard VHDL library
------------------------------------------------------------------------------------------------------


Simulation Options: asim -O5 +access +r +m+eightbitaddr eightbitaddr behavial


The performance of simulation is reduced. Version Student Edition
