# ELBREAD: Elaboration process.
# ELBREAD: Elaboration time 0.8 [s].
asim -O5 +access +r +m+top top sample
# ELBREAD: Elaboration process.
# ELBREAD: Elaboration time 0.0 [s].
# VSIM: Stack memory: 32MB
# VSIM: Retval memory: 32MB
# 
acom -O3 -e 100 -work micprocesser -2002  $dsn/src/IR.vhd $dsn/src/alu.vhd
# Warning: DAGGEN_0523: The source is compiled without the -dbg switch. Line breakpoints and assertion debug will not be available.
# File: d:\Projects\microprcesser\micprocesser\src\IR.vhd
# Compile Entity "ir"
# Compile Architecture "sample" of Entity "ir"
# File: d:\Projects\microprcesser\micprocesser\src\alu.vhd
# Compile Entity "alu"
# Compile Architecture "sample" of Entity "alu"
# Compile success 0 Errors 0 Warnings  Analysis time :  1.0 [s]
# ELBREAD: Elaboration process.
# ELBREAD: Elaboration time 0.0 [s].
# KERNEL: Main thread initiated.
# KERNEL: Kernel process initialization phase.
# KERNEL: Time resolution set to 1ps.
# ELAB2: Elaboration final pass...
# ELAB2: Create instances ...
# ELAB2: Create instances complete.
# SLP: Started
# SLP: Elaboration phase ...
# SLP: Elaboration phase ... skipped, nothing to simulate in SLP mode : 0.0 [s]
# SLP: Finished : 0.0 [s]
# ELAB2: Elaboration final pass complete - time: 1.0 [s].
# KERNEL: Warning: You are using the Active-HDL Student Edition. The performance of simulation is running at a reduced rate.
# KERNEL: Warning: Contact Aldec for available upgrade options - sales@aldec.com.
# KERNEL: Kernel process initialization done.
# Allocation: Simulator allocated 7249 kB (elbread=1280 elab2=5819 kernel=149 sdf=0)
# KERNEL: ASDB file was created in location d:\Projects\microprcesser\micprocesser\src\wave.asdb
#  0:23, 2017Äê10ÔÂ27ÈÕ
#  Simulation has been initialized
# 24 signal(s) traced.
# Waveform file 'untitled.awc' connected to 'd:/Projects/microprcesser/micprocesser/src/wave.asdb'.
# KERNEL: WARNING: CONV_INTEGER: There is an 'U'|'X'|'W'|'Z'|'-' in an arithmetic operand, and it has been converted to 0.
# KERNEL: Time: 0 ps,  Iteration: 0,  Instance: /top/g1,  Process: line__18.
# KERNEL: WARNING: CONV_INTEGER: There is an 'U'|'X'|'W'|'Z'|'-' in an arithmetic operand, and it has been converted to 0.
# KERNEL: Time: 0 ps,  Iteration: 0,  Instance: /top/g1,  Process: line__18.
# KERNEL: WARNING: CONV_INTEGER: There is an 'U'|'X'|'W'|'Z'|'-' in an arithmetic operand, and it has been converted to 0.
# KERNEL: Time: 0 ps,  Iteration: 0,  Instance: /top/g2,  Process: line__25.
# KERNEL: WARNING: CONV_INTEGER: There is an 'U'|'X'|'W'|'Z'|'-' in an arithmetic operand, and it has been converted to 0.
# KERNEL: Time: 0 ps,  Iteration: 0,  Instance: /top/g2,  Process: line__26.
# KERNEL: WARNING: CONV_INTEGER: There is an 'U'|'X'|'W'|'Z'|'-' in an arithmetic operand, and it has been converted to 0.
# KERNEL: Time: 0 ps,  Iteration: 0,  Instance: /top/g4,  Process: line__34.
# KERNEL: WARNING: CONV_INTEGER: There is an 'U'|'X'|'W'|'Z'|'-' in an arithmetic operand, and it has been converted to 0.
# KERNEL: Time: 50 ns,  Iteration: 0,  Instance: /top/g1,  Process: line__18.
# KERNEL: WARNING: CONV_INTEGER: There is an 'U'|'X'|'W'|'Z'|'-' in an arithmetic operand, and it has been converted to 0.
# KERNEL: Time: 50 ns,  Iteration: 0,  Instance: /top/g1,  Process: line__18.
# KERNEL: stopped at time: 2900 ns
run 30000ns
# KERNEL: stopped at time: 32900 ns
